==========
MLP
==========
Initial training error: 6.1695
Initial value of objective function: 6.1751
Number of neurons: 5
Value of sigma: 1
Value of rho: 0.001
Solver: BFGS (Default)
Final value of objective function: 0.2417
Final value of gradient: 0.0000
Number of iterations: 125
Number of function evaluations: 2904
Number of gradient evaluations: 132
Time for optimization: 0.2374 seconds
Termination message: Optimization terminated successfully.
Final Training error: 0.2014

Params: (5, 0.001) <=> Val error: 0.2273, Test error: 0.1925

-------------

Initial training error: 6.8394
Initial value of objective function: 6.8400
Number of neurons: 5
Value of sigma: 1
Value of rho: 0.0001
Solver: BFGS (Default)
Final value of objective function: 0.0868
Final value of gradient: 0.0000
Number of iterations: 233
Number of function evaluations: 5456
Number of gradient evaluations: 248
Time for optimization: 0.4430 seconds
Termination message: Optimization terminated successfully.
Final Training error: 0.0622

Params: (5, 0.0001) <=> Val error: 0.1045, Test error: 0.0738

-------------

Initial training error: 10.1361
Initial value of objective function: 10.1362
Number of neurons: 5
Value of sigma: 1
Value of rho: 1e-05
Solver: BFGS (Default)
Final value of objective function: 0.1417
Final value of gradient: 0.0000
Number of iterations: 605
Number of function evaluations: 14102
Number of gradient evaluations: 641
Time for optimization: 1.1185 seconds
Termination message: Optimization terminated successfully.
Final Training error: 0.1383

Params: (5, 1e-05) <=> Val error: 0.1144, Test error: 0.1669

-------------

Initial training error: 14.0796
Initial value of objective function: 14.0951
Number of neurons: 10
Value of sigma: 1
Value of rho: 0.001
Solver: BFGS (Default)
Final value of objective function: 0.1380
Final value of gradient: 0.0000
Number of iterations: 353
Number of function evaluations: 15414
Number of gradient evaluations: 367
Time for optimization: 1.8391 seconds
Termination message: Optimization terminated successfully.
Final Training error: 0.0647

Params: (10, 0.001) <=> Val error: 0.1169, Test error: 0.0424

-------------

Initial training error: 10.7861
Initial value of objective function: 10.7875
Number of neurons: 10
Value of sigma: 1
Value of rho: 0.0001
Solver: BFGS (Default)
Final value of objective function: 0.0501
Final value of gradient: 0.0000
Number of iterations: 389
Number of function evaluations: 16968
Number of gradient evaluations: 404
Time for optimization: 2.0163 seconds
Termination message: Optimization terminated successfully.
Final Training error: 0.0314

Params: (10, 0.0001) <=> Val error: 0.0362, Test error: 0.0286

-------------

Initial training error: 10.4290
Initial value of objective function: 10.4291
Number of neurons: 10
Value of sigma: 1
Value of rho: 1e-05
Solver: BFGS (Default)
Final value of objective function: 0.0279
Final value of gradient: 0.0000
Number of iterations: 732
Number of function evaluations: 32340
Number of gradient evaluations: 770
Time for optimization: 3.7474 seconds
Termination message: Optimization terminated successfully.
Final Training error: 0.0247

Params: (10, 1e-05) <=> Val error: 0.0414, Test error: 0.0258

-------------

Initial training error: 59.0893
Initial value of objective function: 59.1202
Number of neurons: 25
Value of sigma: 1
Value of rho: 0.001
Solver: BFGS (Default)
Final value of objective function: 0.1335
Final value of gradient: 0.0000
Number of iterations: 838
Number of function evaluations: 87822
Number of gradient evaluations: 861
Time for optimization: 28.6962 seconds
Termination message: Optimization terminated successfully.
Final Training error: 0.0620

Params: (25, 0.001) <=> Val error: 0.1107, Test error: 0.0426

-------------

Initial training error: 53.5373
Initial value of objective function: 53.5403
Number of neurons: 25
Value of sigma: 1
Value of rho: 0.0001
Solver: BFGS (Default)
Final value of objective function: 0.0251
Final value of gradient: 0.0000
Number of iterations: 2032
Number of function evaluations: 213180
Number of gradient evaluations: 2090
Time for optimization: 75.1591 seconds
Termination message: Optimization terminated successfully.
Final Training error: 0.0036

Params: (25, 0.0001) <=> Val error: 0.0094, Test error: 0.0046

-------------

Initial training error: 48.2638
Initial value of objective function: 48.2641
Number of neurons: 25
Value of sigma: 1
Value of rho: 1e-05
Solver: BFGS (Default)
Final value of objective function: 0.0032
Final value of gradient: 0.0000
Number of iterations: 6690
Number of function evaluations: 715224
Number of gradient evaluations: 7012
Time for optimization: 251.8694 seconds
Termination message: Optimization terminated successfully.
Final Training error: 0.0002

Params: (25, 1e-05) <=> Val error: 0.0008, Test error: 0.0004

-------------

Initial training error: 202.9905
Initial value of objective function: 203.0551
Number of neurons: 50
Value of sigma: 1
Value of rho: 0.001
Solver: BFGS (Default)
Final value of objective function: 0.1331
Final value of gradient: 0.0000
Number of iterations: 1306
Number of function evaluations: 273306
Number of gradient evaluations: 1353
Time for optimization: 146.8358 seconds
Termination message: Optimization terminated successfully.
Final Training error: 0.0616

Params: (50, 0.001) <=> Val error: 0.1098, Test error: 0.0427

-------------

Initial training error: 178.6630
Initial value of objective function: 178.6694
Number of neurons: 50
Value of sigma: 1
Value of rho: 0.0001
Solver: BFGS (Default)
Final value of objective function: 0.0249
Final value of gradient: 0.0000
Number of iterations: 3841
Number of function evaluations: 804364
Number of gradient evaluations: 3982
Time for optimization: 483.4641 seconds
Termination message: Optimization terminated successfully.
Final Training error: 0.0036

Params: (50, 0.0001) <=> Val error: 0.0093, Test error: 0.0049

-------------

Initial training error: 216.5226
Initial value of objective function: 216.5233
Number of neurons: 50
Value of sigma: 1
Value of rho: 1e-05
Solver: BFGS (Default)
Final value of objective function: 0.0032
Final value of gradient: 0.0000
Number of iterations: 3460
Number of function evaluations: 727402
Number of gradient evaluations: 3601
Time for optimization: 444.3547 seconds
Termination message: Optimization terminated successfully.
Final Training error: 0.0002

Params: (50, 1e-05) <=> Val error: 0.0007, Test error: 0.0003

-------------

Best MLP params: (50, 1e-05)
==========
RBF
==========
Initial training error: 2.5759
Initial value of objective function: 2.5810
Number of neurons: 5
Value of sigma: 1
Value of rho: 0.001
Solver: BFGS (Default)
Final value of objective function: 1.9322
Final value of gradient: 0.0000
Number of function evaluations: 1428
Number of gradient evaluations: 84
Time for optimization: 0.2974 seconds
Termination message: Optimization terminated successfully.
Training error: 1.8697

Params: (5, 0.001, 0.25) <=> Val error: 1.5573, Test error: 1.5344

-------------

Initial training error: 2.4068
Initial value of objective function: 2.4125
Number of neurons: 5
Value of sigma: 1
Value of rho: 0.001
Solver: BFGS (Default)
Final value of objective function: 1.6036
Final value of gradient: 0.0000
Number of function evaluations: 1020
Number of gradient evaluations: 60
Time for optimization: 0.1912 seconds
Termination message: Optimization terminated successfully.
Training error: 1.5600

Params: (5, 0.001, 0.5) <=> Val error: 1.1035, Test error: 1.2797

-------------

Initial training error: 2.4938
Initial value of objective function: 2.4986
Number of neurons: 5
Value of sigma: 1
Value of rho: 0.001
Solver: BFGS (Default)
Final value of objective function: 0.3222
Final value of gradient: 0.0000
Number of function evaluations: 2193
Number of gradient evaluations: 129
Time for optimization: 0.4045 seconds
Termination message: Optimization terminated successfully.
Training error: 0.2824

Params: (5, 0.001, 1) <=> Val error: 0.3206, Test error: 0.3044

-------------

Initial training error: 1.8835
Initial value of objective function: 1.8899
Number of neurons: 5
Value of sigma: 1
Value of rho: 0.001
Solver: BFGS (Default)
Final value of objective function: 0.3517
Final value of gradient: 0.0000
Number of function evaluations: 2006
Number of gradient evaluations: 118
Time for optimization: 0.3648 seconds
Termination message: Optimization terminated successfully.
Training error: 0.2918

Params: (5, 0.001, 2) <=> Val error: 0.3228, Test error: 0.3682

-------------

Initial training error: 2.7023
Initial value of objective function: 2.7027
Number of neurons: 5
Value of sigma: 1
Value of rho: 0.0001
Solver: BFGS (Default)
Final value of objective function: 2.1636
Final value of gradient: 0.0000
Number of function evaluations: 2975
Number of gradient evaluations: 175
Time for optimization: 0.5282 seconds
Termination message: Optimization terminated successfully.
Training error: 2.1584

Params: (5, 0.0001, 0.25) <=> Val error: 1.8590, Test error: 1.6301

-------------

Initial training error: 2.5842
Initial value of objective function: 2.5847
Number of neurons: 5
Value of sigma: 1
Value of rho: 0.0001
Solver: BFGS (Default)
Final value of objective function: 1.5488
Final value of gradient: 0.0000
Number of function evaluations: 2363
Number of gradient evaluations: 139
Time for optimization: 0.4254 seconds
Termination message: Optimization terminated successfully.
Training error: 1.5410

Params: (5, 0.0001, 0.5) <=> Val error: 1.0715, Test error: 1.2775

-------------

Initial training error: 2.6703
Initial value of objective function: 2.6710
Number of neurons: 5
Value of sigma: 1
Value of rho: 0.0001
Solver: BFGS (Default)
Final value of objective function: 1.5922
Final value of gradient: 0.0000
Number of function evaluations: 3468
Number of gradient evaluations: 204
Time for optimization: 0.6350 seconds
Termination message: Optimization terminated successfully.
Training error: 1.5822

Params: (5, 0.0001, 1) <=> Val error: 1.1577, Test error: 1.3004

-------------

Initial training error: 2.0891
Initial value of objective function: 2.0896
Number of neurons: 5
Value of sigma: 1
Value of rho: 0.0001
Solver: BFGS (Default)
Final value of objective function: 0.3497
Final value of gradient: 0.0000
Number of function evaluations: 4267
Number of gradient evaluations: 251
Time for optimization: 0.7713 seconds
Termination message: Optimization terminated successfully.
Training error: 0.3432

Params: (5, 0.0001, 2) <=> Val error: 0.3461, Test error: 0.4559

-------------

Initial training error: 2.6613
Initial value of objective function: 2.6614
Number of neurons: 5
Value of sigma: 1
Value of rho: 1e-05
Solver: BFGS (Default)
Final value of objective function: 1.8862
Final value of gradient: 0.0000
Number of function evaluations: 918
Number of gradient evaluations: 54
Time for optimization: 0.1612 seconds
Termination message: Optimization terminated successfully.
Training error: 1.8854

Params: (5, 1e-05, 0.25) <=> Val error: 1.5631, Test error: 1.5122

-------------

Initial training error: 2.6633
Initial value of objective function: 2.6633
Number of neurons: 5
Value of sigma: 1
Value of rho: 1e-05
Solver: BFGS (Default)
Final value of objective function: 1.5409
Final value of gradient: 0.0000
Number of function evaluations: 2142
Number of gradient evaluations: 126
Time for optimization: 0.3782 seconds
Termination message: Optimization terminated successfully.
Training error: 1.5397

Params: (5, 1e-05, 0.5) <=> Val error: 1.0720, Test error: 1.2776

-------------

Initial training error: 2.2094
Initial value of objective function: 2.2095
Number of neurons: 5
Value of sigma: 1
Value of rho: 1e-05
Solver: BFGS (Default)
Final value of objective function: 1.6042
Final value of gradient: 0.0000
Number of function evaluations: 3451
Number of gradient evaluations: 203
Time for optimization: 0.6211 seconds
Termination message: Optimization terminated successfully.
Training error: 1.6023

Params: (5, 1e-05, 1) <=> Val error: 1.1796, Test error: 1.3219

-------------

Initial training error: 2.6341
Initial value of objective function: 2.6341
Number of neurons: 5
Value of sigma: 1
Value of rho: 1e-05
Solver: BFGS (Default)
Final value of objective function: 0.2618
Final value of gradient: 0.0000
Number of function evaluations: 3842
Number of gradient evaluations: 226
Time for optimization: 0.7399 seconds
Termination message: Optimization terminated successfully.
Training error: 0.2565

Params: (5, 1e-05, 2) <=> Val error: 0.3463, Test error: 0.3253

-------------

Initial training error: 2.6224
Initial value of objective function: 2.6326
Number of neurons: 10
Value of sigma: 1
Value of rho: 0.001
Solver: BFGS (Default)
Final value of objective function: 1.6383
Final value of gradient: 0.0000
Number of function evaluations: 5568
Number of gradient evaluations: 174
Time for optimization: 1.7508 seconds
Termination message: Optimization terminated successfully.
Training error: 1.5394

Params: (10, 0.001, 0.25) <=> Val error: 1.2412, Test error: 1.2527

-------------

Initial training error: 2.6409
Initial value of objective function: 2.6510
Number of neurons: 10
Value of sigma: 1
Value of rho: 0.001
Solver: BFGS (Default)
Final value of objective function: 0.4385
Final value of gradient: 0.0000
Number of function evaluations: 9664
Number of gradient evaluations: 302
Time for optimization: 3.0038 seconds
Termination message: Optimization terminated successfully.
Training error: 0.3516

Params: (10, 0.001, 0.5) <=> Val error: 0.2653, Test error: 0.3424

-------------

Initial training error: 4.6402
Initial value of objective function: 4.6498
Number of neurons: 10
Value of sigma: 1
Value of rho: 0.001
Solver: BFGS (Default)
Final value of objective function: 0.2284
Final value of gradient: 0.0000
Number of function evaluations: 9440
Number of gradient evaluations: 295
Time for optimization: 2.9975 seconds
Termination message: Optimization terminated successfully.
Training error: 0.1608

Params: (10, 0.001, 1) <=> Val error: 0.2104, Test error: 0.1641

-------------

Initial training error: 5.3899
Initial value of objective function: 5.3988
Number of neurons: 10
Value of sigma: 1
Value of rho: 0.001
Solver: BFGS (Default)
Final value of objective function: 0.3434
Final value of gradient: 0.0000
Number of function evaluations: 10208
Number of gradient evaluations: 319
Time for optimization: 3.2890 seconds
Termination message: Optimization terminated successfully.
Training error: 0.2887

Params: (10, 0.001, 2) <=> Val error: 0.3242, Test error: 0.3530

-------------

Initial training error: 2.6311
Initial value of objective function: 2.6322
Number of neurons: 10
Value of sigma: 1
Value of rho: 0.0001
Solver: BFGS (Default)
Final value of objective function: 1.5855
Final value of gradient: 0.0000
Number of function evaluations: 5600
Number of gradient evaluations: 175
Time for optimization: 1.7617 seconds
Termination message: Optimization terminated successfully.
Training error: 1.5746

Params: (10, 0.0001, 0.25) <=> Val error: 1.2995, Test error: 1.3050

-------------

Initial training error: 2.4808
Initial value of objective function: 2.4819
Number of neurons: 10
Value of sigma: 1
Value of rho: 0.0001
Solver: BFGS (Default)
Final value of objective function: 0.7324
Final value of gradient: 0.0000
Number of function evaluations: 8672
Number of gradient evaluations: 271
Time for optimization: 2.7805 seconds
Termination message: Optimization terminated successfully.
Training error: 0.7219

Params: (10, 0.0001, 0.5) <=> Val error: 0.3445, Test error: 0.6433

-------------

Initial training error: 4.1631
Initial value of objective function: 4.1641
Number of neurons: 10
Value of sigma: 1
Value of rho: 0.0001
Solver: BFGS (Default)
Final value of objective function: 0.1515
Final value of gradient: 0.0000
Number of function evaluations: 10368
Number of gradient evaluations: 324
Time for optimization: 3.3504 seconds
Termination message: Optimization terminated successfully.
Training error: 0.1277

Params: (10, 0.0001, 1) <=> Val error: 0.1363, Test error: 0.1344

-------------

Initial training error: 5.5766
Initial value of objective function: 5.5774
Number of neurons: 10
Value of sigma: 1
Value of rho: 0.0001
Solver: BFGS (Default)
Final value of objective function: 0.2695
Final value of gradient: 0.0000
Number of function evaluations: 11264
Number of gradient evaluations: 352
Time for optimization: 3.6539 seconds
Termination message: Optimization terminated successfully.
Training error: 0.2497

Params: (10, 0.0001, 2) <=> Val error: 0.3218, Test error: 0.3093

-------------

Initial training error: 2.5074
Initial value of objective function: 2.5075
Number of neurons: 10
Value of sigma: 1
Value of rho: 1e-05
Solver: BFGS (Default)
Final value of objective function: 1.5572
Final value of gradient: 0.0000
Number of function evaluations: 7584
Number of gradient evaluations: 237
Time for optimization: 2.3706 seconds
Termination message: Optimization terminated successfully.
Training error: 1.5559

Params: (10, 1e-05, 0.25) <=> Val error: 1.1900, Test error: 1.3363

-------------

Initial training error: 2.9032
Initial value of objective function: 2.9034
Number of neurons: 10
Value of sigma: 1
Value of rho: 1e-05
Solver: BFGS (Default)
Final value of objective function: 0.7212
Final value of gradient: 0.0000
Number of function evaluations: 10112
Number of gradient evaluations: 316
Time for optimization: 3.1529 seconds
Termination message: Optimization terminated successfully.
Training error: 0.7193

Params: (10, 1e-05, 0.5) <=> Val error: 0.3469, Test error: 0.6440

-------------

Initial training error: 3.4195
Initial value of objective function: 3.4197
Number of neurons: 10
Value of sigma: 1
Value of rho: 1e-05
Solver: BFGS (Default)
Final value of objective function: 0.1131
Final value of gradient: 0.0000
Number of function evaluations: 20640
Number of gradient evaluations: 645
Time for optimization: 6.8484 seconds
Termination message: Optimization terminated successfully.
Training error: 0.1033

Params: (10, 1e-05, 1) <=> Val error: 0.1249, Test error: 0.0980

-------------

Initial training error: 4.6876
Initial value of objective function: 4.6877
Number of neurons: 10
Value of sigma: 1
Value of rho: 1e-05
Solver: BFGS (Default)
Final value of objective function: 0.2293
Final value of gradient: 0.0000
Number of function evaluations: 31712
Number of gradient evaluations: 991
Time for optimization: 10.2175 seconds
Termination message: Optimization terminated successfully.
Training error: 0.2128

Params: (10, 1e-05, 2) <=> Val error: 0.2993, Test error: 0.2760

-------------

Initial training error: 2.6004
Initial value of objective function: 2.6251
Number of neurons: 25
Value of sigma: 1
Value of rho: 0.001
Solver: BFGS (Default)
Final value of objective function: 1.0601
Final value of gradient: 0.0000
Number of function evaluations: 28490
Number of gradient evaluations: 370
Time for optimization: 30.0819 seconds
Termination message: Optimization terminated successfully.
Training error: 0.9378

Params: (25, 0.001, 0.25) <=> Val error: 0.9345, Test error: 0.7354

-------------

Initial training error: 7.2434
Initial value of objective function: 7.2702
Number of neurons: 25
Value of sigma: 1
Value of rho: 0.001
Solver: BFGS (Default)
Final value of objective function: 0.1502
Final value of gradient: 0.0000
Number of function evaluations: 29260
Number of gradient evaluations: 380
Time for optimization: 30.5356 seconds
Termination message: Optimization terminated successfully.
Training error: 0.0396

Params: (25, 0.001, 0.5) <=> Val error: 0.0925, Test error: 0.0483

-------------

Initial training error: 14.6253
Initial value of objective function: 14.6513
Number of neurons: 25
Value of sigma: 1
Value of rho: 0.001
Solver: BFGS (Default)
Final value of objective function: 0.2216
Final value of gradient: 0.0000
Number of function evaluations: 25487
Number of gradient evaluations: 331
Time for optimization: 27.5895 seconds
Termination message: Optimization terminated successfully.
Training error: 0.1468

Params: (25, 0.001, 1) <=> Val error: 0.1887, Test error: 0.1586

-------------

Initial training error: 35.0412
Initial value of objective function: 35.0644
Number of neurons: 25
Value of sigma: 1
Value of rho: 0.001
Solver: BFGS (Default)
Final value of objective function: 0.3428
Final value of gradient: 0.0000
Number of function evaluations: 27412
Number of gradient evaluations: 356
Time for optimization: 29.3202 seconds
Termination message: Optimization terminated successfully.
Training error: 0.2836

Params: (25, 0.001, 2) <=> Val error: 0.3230, Test error: 0.3353

-------------

Initial training error: 2.8731
Initial value of objective function: 2.8759
Number of neurons: 25
Value of sigma: 1
Value of rho: 0.0001
Solver: BFGS (Default)
Final value of objective function: 1.2028
Final value of gradient: 0.0000
Number of function evaluations: 33418
Number of gradient evaluations: 434
Time for optimization: 34.9799 seconds
Termination message: Optimization terminated successfully.
Training error: 1.1909

Params: (25, 0.0001, 0.25) <=> Val error: 0.9486, Test error: 1.0615

-------------

Initial training error: 6.3466
Initial value of objective function: 6.3495
Number of neurons: 25
Value of sigma: 1
Value of rho: 0.0001
Solver: BFGS (Default)
Final value of objective function: 0.3552
Final value of gradient: 0.0000
Number of function evaluations: 26334
Number of gradient evaluations: 342
Time for optimization: 27.8325 seconds
Termination message: Optimization terminated successfully.
Training error: 0.3409

Params: (25, 0.0001, 0.5) <=> Val error: 0.2605, Test error: 0.3704

-------------

Initial training error: 11.3224
Initial value of objective function: 11.3243
Number of neurons: 25
Value of sigma: 1
Value of rho: 0.0001
Solver: BFGS (Default)
Final value of objective function: 0.0714
Final value of gradient: 0.0000
Number of function evaluations: 133595
Number of gradient evaluations: 1735
Time for optimization: 143.7073 seconds
Termination message: Optimization terminated successfully.
Training error: 0.0339

Params: (25, 0.0001, 1) <=> Val error: 0.0714, Test error: 0.0516

-------------

Initial training error: 58.0214
Initial value of objective function: 58.0236
Number of neurons: 25
Value of sigma: 1
Value of rho: 0.0001
Solver: BFGS (Default)
Final value of objective function: 0.2484
Final value of gradient: 0.0000
Number of function evaluations: 69993
Number of gradient evaluations: 909
Time for optimization: 74.7893 seconds
Termination message: Optimization terminated successfully.
Training error: 0.2262

Params: (25, 0.0001, 2) <=> Val error: 0.2998, Test error: 0.2705

-------------

Initial training error: 2.7862
Initial value of objective function: 2.7865
Number of neurons: 25
Value of sigma: 1
Value of rho: 1e-05
Solver: BFGS (Default)
Final value of objective function: 1.5126
Final value of gradient: 0.0000
Number of function evaluations: 58135
Number of gradient evaluations: 755
Time for optimization: 61.0233 seconds
Termination message: Optimization terminated successfully.
Training error: 1.5115

Params: (25, 1e-05, 0.25) <=> Val error: 1.0914, Test error: 1.2190

-------------

Initial training error: 5.5065
Initial value of objective function: 5.5068
Number of neurons: 25
Value of sigma: 1
Value of rho: 1e-05
Solver: BFGS (Default)
Final value of objective function: 0.0158
Final value of gradient: 0.0000
Number of function evaluations: 75383
Number of gradient evaluations: 979
Time for optimization: 79.2552 seconds
Termination message: Optimization terminated successfully.
Training error: 0.0127

Params: (25, 1e-05, 0.5) <=> Val error: 0.0359, Test error: 0.0145

-------------

Initial training error: 17.8678
Initial value of objective function: 17.8681
Number of neurons: 25
Value of sigma: 1
Value of rho: 1e-05
Solver: BFGS (Default)
Final value of objective function: 0.0180
Final value of gradient: 0.0000
Number of function evaluations: 182952
Number of gradient evaluations: 2376
Time for optimization: 195.7540 seconds
Termination message: Optimization terminated successfully.
Training error: 0.0066

Params: (25, 1e-05, 1) <=> Val error: 0.0212, Test error: 0.0120

-------------

Initial training error: 31.9204
Initial value of objective function: 31.9206
Number of neurons: 25
Value of sigma: 1
Value of rho: 1e-05
Solver: BFGS (Default)
Final value of objective function: 0.1987
Final value of gradient: 0.0000
Number of function evaluations: 242396
Number of gradient evaluations: 3148
Time for optimization: 260.3117 seconds
Termination message: Optimization terminated successfully.
Training error: 0.1752

Params: (25, 1e-05, 2) <=> Val error: 0.2626, Test error: 0.2051

-------------

Initial training error: 3.5225
Initial value of objective function: 3.5702
Number of neurons: 50
Value of sigma: 1
Value of rho: 0.001
Solver: BFGS (Default)
Final value of objective function: 0.2167
Final value of gradient: 0.0000
Number of function evaluations: 131024
Number of gradient evaluations: 862
Time for optimization: 266.3642 seconds
Termination message: Optimization terminated successfully.
Training error: 0.0351

Params: (50, 0.001, 0.25) <=> Val error: 0.2799, Test error: 0.0717

-------------

Initial training error: 17.0023
Initial value of objective function: 17.0508
Number of neurons: 50
Value of sigma: 1
Value of rho: 0.001
Solver: BFGS (Default)
Final value of objective function: 0.1543
Final value of gradient: 0.0000
Number of function evaluations: 57912
Number of gradient evaluations: 381
Time for optimization: 117.8904 seconds
Termination message: Optimization terminated successfully.
Training error: 0.0391

Params: (50, 0.001, 0.5) <=> Val error: 0.0851, Test error: 0.0469

-------------

Initial training error: 72.2179
Initial value of objective function: 72.2667
Number of neurons: 50
Value of sigma: 1
Value of rho: 0.001
Solver: BFGS (Default)
Final value of objective function: 0.2192
Final value of gradient: 0.0000
Number of function evaluations: 46968
Number of gradient evaluations: 309
Time for optimization: 97.7700 seconds
Termination message: Optimization terminated successfully.
Training error: 0.1475

Params: (50, 0.001, 1) <=> Val error: 0.1868, Test error: 0.1542

-------------

Initial training error: 189.6526
Initial value of objective function: 189.7102
Number of neurons: 50
Value of sigma: 1
Value of rho: 0.001
Solver: BFGS (Default)
Final value of objective function: 0.3434
Final value of gradient: 0.0000
Number of function evaluations: 56544
Number of gradient evaluations: 372
Time for optimization: 117.6233 seconds
Termination message: Optimization terminated successfully.
Training error: 0.2815

Params: (50, 0.001, 2) <=> Val error: 0.3220, Test error: 0.3303

-------------

Initial training error: 3.3927
Initial value of objective function: 3.3972
Number of neurons: 50
Value of sigma: 1
Value of rho: 0.0001
Solver: BFGS (Default)
Final value of objective function: 0.0324
Final value of gradient: 0.0000
Number of function evaluations: 257944
Number of gradient evaluations: 1697
Time for optimization: 524.2163 seconds
Termination message: Optimization terminated successfully.
Training error: 0.0089

Params: (50, 0.0001, 0.25) <=> Val error: 0.1759, Test error: 0.0391

-------------

Initial training error: 15.9255
Initial value of objective function: 15.9304
Number of neurons: 50
Value of sigma: 1
Value of rho: 0.0001
Solver: BFGS (Default)
Final value of objective function: 0.0354
Final value of gradient: 0.0000
Number of function evaluations: 67944
Number of gradient evaluations: 447
Time for optimization: 138.5107 seconds
Termination message: Optimization terminated successfully.
Training error: 0.0159

Params: (50, 0.0001, 0.5) <=> Val error: 0.0441, Test error: 0.0212

-------------

Initial training error: 91.7034
Initial value of objective function: 91.7085
Number of neurons: 50
Value of sigma: 1
Value of rho: 0.0001
Solver: BFGS (Default)
Final value of objective function: 0.0675
Final value of gradient: 0.0000
Number of function evaluations: 96976
Number of gradient evaluations: 638
Time for optimization: 202.4841 seconds
Termination message: Optimization terminated successfully.
Training error: 0.0297

Params: (50, 0.0001, 1) <=> Val error: 0.0638, Test error: 0.0459

-------------

Initial training error: 256.3873
Initial value of objective function: 256.3925
Number of neurons: 50
Value of sigma: 1
Value of rho: 0.0001
Solver: BFGS (Default)
Final value of objective function: 0.2469
Final value of gradient: 0.0000
Number of function evaluations: 143944
Number of gradient evaluations: 947
Time for optimization: 299.3657 seconds
Termination message: Optimization terminated successfully.
Training error: 0.2241

Params: (50, 0.0001, 2) <=> Val error: 0.3008, Test error: 0.2642

-------------

Initial training error: 3.8199
Initial value of objective function: 3.8204
Number of neurons: 50
Value of sigma: 1
Value of rho: 1e-05
Solver: BFGS (Default)
Final value of objective function: 0.0210
Final value of gradient: 0.0000
Number of function evaluations: 250648
Number of gradient evaluations: 1649
Time for optimization: 509.9941 seconds
Termination message: Optimization terminated successfully.
Training error: 0.0183

Params: (50, 1e-05, 0.25) <=> Val error: 0.1464, Test error: 0.0564

-------------

Initial training error: 12.2892
Initial value of objective function: 12.2897
Number of neurons: 50
Value of sigma: 1
Value of rho: 1e-05
Solver: BFGS (Default)
Final value of objective function: 0.0089
Final value of gradient: 0.0000
Number of function evaluations: 307496
Number of gradient evaluations: 2023
Time for optimization: 621.6575 seconds
Termination message: Optimization terminated successfully.
Training error: 0.0054

Params: (50, 1e-05, 0.5) <=> Val error: 0.0226, Test error: 0.0036

-------------

Initial training error: 80.0460
Initial value of objective function: 80.0465
Number of neurons: 50
Value of sigma: 1
Value of rho: 1e-05
Solver: BFGS (Default)
Final value of objective function: 0.0140
Final value of gradient: 0.0000
Number of function evaluations: 678376
Number of gradient evaluations: 4463
Time for optimization: 1407.9977 seconds
Termination message: Optimization terminated successfully.
Training error: 0.0045

Params: (50, 1e-05, 1) <=> Val error: 0.0132, Test error: 0.0092

-------------

Initial training error: 192.9731
Initial value of objective function: 192.9736
Number of neurons: 50
Value of sigma: 1
Value of rho: 1e-05
Solver: BFGS (Default)
Final value of objective function: 0.1744
Final value of gradient: 0.0000
Number of function evaluations: 918384
Number of gradient evaluations: 6042
Time for optimization: 1906.9561 seconds
Termination message: Optimization terminated successfully.
Training error: 0.1393

Params: (50, 1e-05, 2) <=> Val error: 0.2459, Test error: 0.1612

-------------

Best RBF params: (50, 1e-05, 1)
