Initial training error: 6.1695
Initial value of objective function: 6.1751
Number of neurons: 5
Value of sigma: 1
Value of rho: 0.001
Solver: BFGS (Default)
Final value of objective function: 0.2417
Final value of gradient: 0.0000
Number of iterations: 125
Number of function evaluations: 2904
Number of gradient evaluations: 132
Time for optimization: 0.1763 seconds
Termination message: Optimization terminated successfully.
Final Training error: 0.2014

Error: 0.2273 <=> Params: (5, 0.001)

-------------

Initial training error: 6.8394
Initial value of objective function: 6.8400
Number of neurons: 5
Value of sigma: 1
Value of rho: 0.0001
Solver: BFGS (Default)
Final value of objective function: 0.0868
Final value of gradient: 0.0000
Number of iterations: 233
Number of function evaluations: 5456
Number of gradient evaluations: 248
Time for optimization: 0.3347 seconds
Termination message: Optimization terminated successfully.
Final Training error: 0.0622

Error: 0.1045 <=> Params: (5, 0.0001)

-------------

Initial training error: 10.1361
Initial value of objective function: 10.1362
Number of neurons: 5
Value of sigma: 1
Value of rho: 1e-05
Solver: BFGS (Default)
Final value of objective function: 0.1417
Final value of gradient: 0.0000
Number of iterations: 605
Number of function evaluations: 14102
Number of gradient evaluations: 641
Time for optimization: 0.8906 seconds
Termination message: Optimization terminated successfully.
Final Training error: 0.1383

Error: 0.1144 <=> Params: (5, 1e-05)

-------------

Initial training error: 14.0796
Initial value of objective function: 14.0951
Number of neurons: 10
Value of sigma: 1
Value of rho: 0.001
Solver: BFGS (Default)
Final value of objective function: 0.1380
Final value of gradient: 0.0000
Number of iterations: 353
Number of function evaluations: 15414
Number of gradient evaluations: 367
Time for optimization: 1.4031 seconds
Termination message: Optimization terminated successfully.
Final Training error: 0.0647

Error: 0.1169 <=> Params: (10, 0.001)

-------------

Initial training error: 10.7861
Initial value of objective function: 10.7875
Number of neurons: 10
Value of sigma: 1
Value of rho: 0.0001
Solver: BFGS (Default)
Final value of objective function: 0.0501
Final value of gradient: 0.0000
Number of iterations: 389
Number of function evaluations: 16968
Number of gradient evaluations: 404
Time for optimization: 1.5454 seconds
Termination message: Optimization terminated successfully.
Final Training error: 0.0314

Error: 0.0362 <=> Params: (10, 0.0001)

-------------

Initial training error: 10.4290
Initial value of objective function: 10.4291
Number of neurons: 10
Value of sigma: 1
Value of rho: 1e-05
Solver: BFGS (Default)
Final value of objective function: 0.0279
Final value of gradient: 0.0000
Number of iterations: 732
Number of function evaluations: 32340
Number of gradient evaluations: 770
Time for optimization: 2.9174 seconds
Termination message: Optimization terminated successfully.
Final Training error: 0.0247

Error: 0.0414 <=> Params: (10, 1e-05)

-------------

Initial training error: 59.0893
Initial value of objective function: 59.1202
Number of neurons: 25
Value of sigma: 1
Value of rho: 0.001
Solver: BFGS (Default)
Final value of objective function: 0.1335
Final value of gradient: 0.0000
Number of iterations: 838
Number of function evaluations: 87822
Number of gradient evaluations: 861
Time for optimization: 22.7485 seconds
Termination message: Optimization terminated successfully.
Final Training error: 0.0620

Error: 0.1107 <=> Params: (25, 0.001)

-------------

Initial training error: 53.5373
Initial value of objective function: 53.5403
Number of neurons: 25
Value of sigma: 1
Value of rho: 0.0001
Solver: BFGS (Default)
Final value of objective function: 0.0251
Final value of gradient: 0.0000
Number of iterations: 2032
Number of function evaluations: 213180
Number of gradient evaluations: 2090
Time for optimization: 60.7182 seconds
Termination message: Optimization terminated successfully.
Final Training error: 0.0036

Error: 0.0094 <=> Params: (25, 0.0001)

-------------

Initial training error: 48.2638
Initial value of objective function: 48.2641
Number of neurons: 25
Value of sigma: 1
Value of rho: 1e-05
Solver: BFGS (Default)
Final value of objective function: 0.0032
Final value of gradient: 0.0000
Number of iterations: 6690
Number of function evaluations: 715224
Number of gradient evaluations: 7012
Time for optimization: 201.5507 seconds
Termination message: Optimization terminated successfully.
Final Training error: 0.0002

Error: 0.0008 <=> Params: (25, 1e-05)

-------------

Initial training error: 202.9905
Initial value of objective function: 203.0551
Number of neurons: 50
Value of sigma: 1
Value of rho: 0.001
Solver: BFGS (Default)
Final value of objective function: 0.1331
Final value of gradient: 0.0000
Number of iterations: 1306
Number of function evaluations: 273306
Number of gradient evaluations: 1353
Time for optimization: 119.9323 seconds
Termination message: Optimization terminated successfully.
Final Training error: 0.0616

Error: 0.1098 <=> Params: (50, 0.001)

-------------

Initial training error: 178.6630
Initial value of objective function: 178.6694
Number of neurons: 50
Value of sigma: 1
Value of rho: 0.0001
Solver: BFGS (Default)
Final value of objective function: 0.0249
Final value of gradient: 0.0000
Number of iterations: 3841
Number of function evaluations: 804364
Number of gradient evaluations: 3982
Time for optimization: 410.5045 seconds
Termination message: Optimization terminated successfully.
Final Training error: 0.0036

Error: 0.0093 <=> Params: (50, 0.0001)

-------------

Initial training error: 216.5226
Initial value of objective function: 216.5233
Number of neurons: 50
Value of sigma: 1
Value of rho: 1e-05
Solver: BFGS (Default)
Final value of objective function: 0.0032
Final value of gradient: 0.0000
Number of iterations: 3460
Number of function evaluations: 727402
Number of gradient evaluations: 3601
Time for optimization: 385.0913 seconds
Termination message: Optimization terminated successfully.
Final Training error: 0.0002

Error: 0.0007 <=> Params: (50, 1e-05)

-------------

Best MLP params: (50, 1e-05)

-------------

Initial training error: 2.5759
Initial value of objective function: 2.5810
Number of neurons: 5
Value of sigma: 1
Value of rho: 0.001
Solver: BFGS (Default)
Final value of objective function: 1.9322
Final value of gradient: 0.0000
Number of function evaluations: 1428
Number of gradient evaluations: 84
Time for optimization: 0.2562 seconds
Termination message: Optimization terminated successfully.
Training error: 1.8697

Error: 1.5573 <=> Params: (5, 0.001, 0.25)

-------------

Initial training error: 2.4068
Initial value of objective function: 2.4125
Number of neurons: 5
Value of sigma: 1
Value of rho: 0.001
Solver: BFGS (Default)
Final value of objective function: 1.6036
Final value of gradient: 0.0000
Number of function evaluations: 1020
Number of gradient evaluations: 60
Time for optimization: 0.1496 seconds
Termination message: Optimization terminated successfully.
Training error: 1.5600

Error: 1.1035 <=> Params: (5, 0.001, 0.5)

-------------

Initial training error: 2.4938
Initial value of objective function: 2.4986
Number of neurons: 5
Value of sigma: 1
Value of rho: 0.001
Solver: BFGS (Default)
Final value of objective function: 0.3222
Final value of gradient: 0.0000
Number of function evaluations: 2193
Number of gradient evaluations: 129
Time for optimization: 0.3403 seconds
Termination message: Optimization terminated successfully.
Training error: 0.2824

Error: 0.3206 <=> Params: (5, 0.001, 1)

-------------

Initial training error: 1.8835
Initial value of objective function: 1.8899
Number of neurons: 5
Value of sigma: 1
Value of rho: 0.001
Solver: BFGS (Default)
Final value of objective function: 0.3517
Final value of gradient: 0.0000
Number of function evaluations: 2006
Number of gradient evaluations: 118
Time for optimization: 0.3212 seconds
Termination message: Optimization terminated successfully.
Training error: 0.2918

Error: 0.3228 <=> Params: (5, 0.001, 2)

-------------

Initial training error: 2.7023
Initial value of objective function: 2.7027
Number of neurons: 5
Value of sigma: 1
Value of rho: 0.0001
Solver: BFGS (Default)
Final value of objective function: 2.1636
Final value of gradient: 0.0000
Number of function evaluations: 2975
Number of gradient evaluations: 175
Time for optimization: 0.5046 seconds
Termination message: Optimization terminated successfully.
Training error: 2.1584

Error: 1.8590 <=> Params: (5, 0.0001, 0.25)

-------------

Initial training error: 2.5842
Initial value of objective function: 2.5847
Number of neurons: 5
Value of sigma: 1
Value of rho: 0.0001
Solver: BFGS (Default)
Final value of objective function: 1.5488
Final value of gradient: 0.0000
Number of function evaluations: 2363
Number of gradient evaluations: 139
Time for optimization: 0.3749 seconds
Termination message: Optimization terminated successfully.
Training error: 1.5410

Error: 1.0715 <=> Params: (5, 0.0001, 0.5)

-------------

Initial training error: 2.6703
Initial value of objective function: 2.6710
Number of neurons: 5
Value of sigma: 1
Value of rho: 0.0001
Solver: BFGS (Default)
Final value of objective function: 1.5922
Final value of gradient: 0.0000
Number of function evaluations: 3468
Number of gradient evaluations: 204
Time for optimization: 0.5869 seconds
Termination message: Optimization terminated successfully.
Training error: 1.5822

Error: 1.1577 <=> Params: (5, 0.0001, 1)

-------------

Initial training error: 2.0891
Initial value of objective function: 2.0896
Number of neurons: 5
Value of sigma: 1
Value of rho: 0.0001
Solver: BFGS (Default)
Final value of objective function: 0.3497
Final value of gradient: 0.0000
Number of function evaluations: 4267
Number of gradient evaluations: 251
Time for optimization: 0.6795 seconds
Termination message: Optimization terminated successfully.
Training error: 0.3432

Error: 0.3461 <=> Params: (5, 0.0001, 2)

-------------

Initial training error: 2.6613
Initial value of objective function: 2.6614
Number of neurons: 5
Value of sigma: 1
Value of rho: 1e-05
Solver: BFGS (Default)
Final value of objective function: 1.8862
Final value of gradient: 0.0000
Number of function evaluations: 918
Number of gradient evaluations: 54
Time for optimization: 0.1562 seconds
Termination message: Optimization terminated successfully.
Training error: 1.8854

Error: 1.5631 <=> Params: (5, 1e-05, 0.25)

-------------

Initial training error: 2.6633
Initial value of objective function: 2.6633
Number of neurons: 5
Value of sigma: 1
Value of rho: 1e-05
Solver: BFGS (Default)
Final value of objective function: 1.5409
Final value of gradient: 0.0000
Number of function evaluations: 2142
Number of gradient evaluations: 126
Time for optimization: 0.3208 seconds
Termination message: Optimization terminated successfully.
Training error: 1.5397

Error: 1.0720 <=> Params: (5, 1e-05, 0.5)

-------------

Initial training error: 2.2094
Initial value of objective function: 2.2095
Number of neurons: 5
Value of sigma: 1
Value of rho: 1e-05
Solver: BFGS (Default)
Final value of objective function: 1.6042
Final value of gradient: 0.0000
Number of function evaluations: 3451
Number of gradient evaluations: 203
Time for optimization: 0.5334 seconds
Termination message: Optimization terminated successfully.
Training error: 1.6023

Error: 1.1796 <=> Params: (5, 1e-05, 1)

-------------

Initial training error: 2.6341
Initial value of objective function: 2.6341
Number of neurons: 5
Value of sigma: 1
Value of rho: 1e-05
Solver: BFGS (Default)
Final value of objective function: 0.2618
Final value of gradient: 0.0000
Number of function evaluations: 3842
Number of gradient evaluations: 226
Time for optimization: 0.6265 seconds
Termination message: Optimization terminated successfully.
Training error: 0.2565

Error: 0.3463 <=> Params: (5, 1e-05, 2)

-------------

Initial training error: 2.6224
Initial value of objective function: 2.6326
Number of neurons: 10
Value of sigma: 1
Value of rho: 0.001
Solver: BFGS (Default)
Final value of objective function: 1.6383
Final value of gradient: 0.0000
Number of function evaluations: 5568
Number of gradient evaluations: 174
Time for optimization: 1.4948 seconds
Termination message: Optimization terminated successfully.
Training error: 1.5394

Error: 1.2412 <=> Params: (10, 0.001, 0.25)

-------------

Initial training error: 2.6409
Initial value of objective function: 2.6510
Number of neurons: 10
Value of sigma: 1
Value of rho: 0.001
Solver: BFGS (Default)
Final value of objective function: 0.4385
Final value of gradient: 0.0000
Number of function evaluations: 9664
Number of gradient evaluations: 302
Time for optimization: 2.6774 seconds
Termination message: Optimization terminated successfully.
Training error: 0.3516

Error: 0.2653 <=> Params: (10, 0.001, 0.5)

-------------

Initial training error: 4.6402
Initial value of objective function: 4.6498
Number of neurons: 10
Value of sigma: 1
Value of rho: 0.001
Solver: BFGS (Default)
Final value of objective function: 0.2284
Final value of gradient: 0.0000
Number of function evaluations: 9440
Number of gradient evaluations: 295
Time for optimization: 2.7240 seconds
Termination message: Optimization terminated successfully.
Training error: 0.1608

Error: 0.2104 <=> Params: (10, 0.001, 1)

-------------

Initial training error: 5.3899
Initial value of objective function: 5.3988
Number of neurons: 10
Value of sigma: 1
Value of rho: 0.001
Solver: BFGS (Default)
Final value of objective function: 0.3434
Final value of gradient: 0.0000
Number of function evaluations: 10208
Number of gradient evaluations: 319
Time for optimization: 2.9441 seconds
Termination message: Optimization terminated successfully.
Training error: 0.2887

Error: 0.3242 <=> Params: (10, 0.001, 2)

-------------

Initial training error: 2.6311
Initial value of objective function: 2.6322
Number of neurons: 10
Value of sigma: 1
Value of rho: 0.0001
Solver: BFGS (Default)
Final value of objective function: 1.5855
Final value of gradient: 0.0000
Number of function evaluations: 5600
Number of gradient evaluations: 175
Time for optimization: 1.6068 seconds
Termination message: Optimization terminated successfully.
Training error: 1.5746

Error: 1.2995 <=> Params: (10, 0.0001, 0.25)

-------------

Initial training error: 2.4808
Initial value of objective function: 2.4819
Number of neurons: 10
Value of sigma: 1
Value of rho: 0.0001
Solver: BFGS (Default)
Final value of objective function: 0.7324
Final value of gradient: 0.0000
Number of function evaluations: 8672
Number of gradient evaluations: 271
Time for optimization: 2.4356 seconds
Termination message: Optimization terminated successfully.
Training error: 0.7219

Error: 0.3445 <=> Params: (10, 0.0001, 0.5)

-------------

Initial training error: 4.1631
Initial value of objective function: 4.1641
Number of neurons: 10
Value of sigma: 1
Value of rho: 0.0001
Solver: BFGS (Default)
Final value of objective function: 0.1515
Final value of gradient: 0.0000
Number of function evaluations: 10368
Number of gradient evaluations: 324
Time for optimization: 2.8519 seconds
Termination message: Optimization terminated successfully.
Training error: 0.1277

Error: 0.1363 <=> Params: (10, 0.0001, 1)

-------------

Initial training error: 5.5766
Initial value of objective function: 5.5774
Number of neurons: 10
Value of sigma: 1
Value of rho: 0.0001
Solver: BFGS (Default)
Final value of objective function: 0.2695
Final value of gradient: 0.0000
Number of function evaluations: 11264
Number of gradient evaluations: 352
Time for optimization: 3.1563 seconds
Termination message: Optimization terminated successfully.
Training error: 0.2497

Error: 0.3218 <=> Params: (10, 0.0001, 2)

-------------

Initial training error: 2.5074
Initial value of objective function: 2.5075
Number of neurons: 10
Value of sigma: 1
Value of rho: 1e-05
Solver: BFGS (Default)
Final value of objective function: 1.5572
Final value of gradient: 0.0000
Number of function evaluations: 7584
Number of gradient evaluations: 237
Time for optimization: 2.0338 seconds
Termination message: Optimization terminated successfully.
Training error: 1.5559

Error: 1.1900 <=> Params: (10, 1e-05, 0.25)

-------------

Initial training error: 2.9032
Initial value of objective function: 2.9034
Number of neurons: 10
Value of sigma: 1
Value of rho: 1e-05
Solver: BFGS (Default)
Final value of objective function: 0.7212
Final value of gradient: 0.0000
Number of function evaluations: 10112
Number of gradient evaluations: 316
Time for optimization: 2.7627 seconds
Termination message: Optimization terminated successfully.
Training error: 0.7193

Error: 0.3469 <=> Params: (10, 1e-05, 0.5)

-------------

Initial training error: 3.4195
Initial value of objective function: 3.4197
Number of neurons: 10
Value of sigma: 1
Value of rho: 1e-05
Solver: BFGS (Default)
Final value of objective function: 0.1131
Final value of gradient: 0.0000
Number of function evaluations: 20640
Number of gradient evaluations: 645
Time for optimization: 5.9270 seconds
Termination message: Optimization terminated successfully.
Training error: 0.1033

Error: 0.1249 <=> Params: (10, 1e-05, 1)

-------------

Initial training error: 4.6876
Initial value of objective function: 4.6877
Number of neurons: 10
Value of sigma: 1
Value of rho: 1e-05
Solver: BFGS (Default)
Final value of objective function: 0.2293
Final value of gradient: 0.0000
Number of function evaluations: 31712
Number of gradient evaluations: 991
Time for optimization: 8.8215 seconds
Termination message: Optimization terminated successfully.
Training error: 0.2128

Error: 0.2993 <=> Params: (10, 1e-05, 2)

-------------

Initial training error: 2.6004
Initial value of objective function: 2.6251
Number of neurons: 25
Value of sigma: 1
Value of rho: 0.001
Solver: BFGS (Default)
Final value of objective function: 1.0601
Final value of gradient: 0.0000
Number of function evaluations: 28490
Number of gradient evaluations: 370
Time for optimization: 25.5916 seconds
Termination message: Optimization terminated successfully.
Training error: 0.9378

Error: 0.9345 <=> Params: (25, 0.001, 0.25)

-------------

Initial training error: 7.2434
Initial value of objective function: 7.2702
Number of neurons: 25
Value of sigma: 1
Value of rho: 0.001
Solver: BFGS (Default)
Final value of objective function: 0.1502
Final value of gradient: 0.0000
Number of function evaluations: 29260
Number of gradient evaluations: 380
Time for optimization: 27.4157 seconds
Termination message: Optimization terminated successfully.
Training error: 0.0396

Error: 0.0925 <=> Params: (25, 0.001, 0.5)

-------------

Initial training error: 14.6253
Initial value of objective function: 14.6513
Number of neurons: 25
Value of sigma: 1
Value of rho: 0.001
Solver: BFGS (Default)
Final value of objective function: 0.2216
Final value of gradient: 0.0000
Number of function evaluations: 25487
Number of gradient evaluations: 331
Time for optimization: 24.4850 seconds
Termination message: Optimization terminated successfully.
Training error: 0.1468

Error: 0.1887 <=> Params: (25, 0.001, 1)

-------------

Initial training error: 35.0412
Initial value of objective function: 35.0644
Number of neurons: 25
Value of sigma: 1
Value of rho: 0.001
Solver: BFGS (Default)
Final value of objective function: 0.3428
Final value of gradient: 0.0000
Number of function evaluations: 27412
Number of gradient evaluations: 356
Time for optimization: 26.9484 seconds
Termination message: Optimization terminated successfully.
Training error: 0.2836

Error: 0.3230 <=> Params: (25, 0.001, 2)

-------------

Initial training error: 2.8731
Initial value of objective function: 2.8759
Number of neurons: 25
Value of sigma: 1
Value of rho: 0.0001
Solver: BFGS (Default)
Final value of objective function: 1.2028
Final value of gradient: 0.0000
Number of function evaluations: 33418
Number of gradient evaluations: 434
Time for optimization: 31.0576 seconds
Termination message: Optimization terminated successfully.
Training error: 1.1909

Error: 0.9486 <=> Params: (25, 0.0001, 0.25)

-------------

Initial training error: 6.3466
Initial value of objective function: 6.3495
Number of neurons: 25
Value of sigma: 1
Value of rho: 0.0001
Solver: BFGS (Default)
Final value of objective function: 0.3552
Final value of gradient: 0.0000
Number of function evaluations: 26334
Number of gradient evaluations: 342
Time for optimization: 24.1386 seconds
Termination message: Optimization terminated successfully.
Training error: 0.3409

Error: 0.2605 <=> Params: (25, 0.0001, 0.5)

-------------

Initial training error: 11.3224
Initial value of objective function: 11.3243
Number of neurons: 25
Value of sigma: 1
Value of rho: 0.0001
Solver: BFGS (Default)
Final value of objective function: 0.0714
Final value of gradient: 0.0000
Number of function evaluations: 133595
Number of gradient evaluations: 1735
Time for optimization: 125.6745 seconds
Termination message: Optimization terminated successfully.
Training error: 0.0339

Error: 0.0714 <=> Params: (25, 0.0001, 1)

-------------

Initial training error: 58.0214
Initial value of objective function: 58.0236
Number of neurons: 25
Value of sigma: 1
Value of rho: 0.0001
Solver: BFGS (Default)
Final value of objective function: 0.2484
Final value of gradient: 0.0000
Number of function evaluations: 69993
Number of gradient evaluations: 909
Time for optimization: 65.3432 seconds
Termination message: Optimization terminated successfully.
Training error: 0.2262

Error: 0.2998 <=> Params: (25, 0.0001, 2)

-------------

Initial training error: 2.7862
Initial value of objective function: 2.7865
Number of neurons: 25
Value of sigma: 1
Value of rho: 1e-05
Solver: BFGS (Default)
Final value of objective function: 1.5126
Final value of gradient: 0.0000
Number of function evaluations: 58135
Number of gradient evaluations: 755
Time for optimization: 52.6334 seconds
Termination message: Optimization terminated successfully.
Training error: 1.5115

Error: 1.0914 <=> Params: (25, 1e-05, 0.25)

-------------

Initial training error: 5.5065
Initial value of objective function: 5.5068
Number of neurons: 25
Value of sigma: 1
Value of rho: 1e-05
Solver: BFGS (Default)
Final value of objective function: 0.0158
Final value of gradient: 0.0000
Number of function evaluations: 75383
Number of gradient evaluations: 979
Time for optimization: 68.2165 seconds
Termination message: Optimization terminated successfully.
Training error: 0.0127

Error: 0.0359 <=> Params: (25, 1e-05, 0.5)

-------------

Initial training error: 17.8678
Initial value of objective function: 17.8681
Number of neurons: 25
Value of sigma: 1
Value of rho: 1e-05
Solver: BFGS (Default)
Final value of objective function: 0.0180
Final value of gradient: 0.0000
Number of function evaluations: 182952
Number of gradient evaluations: 2376
Time for optimization: 168.2563 seconds
Termination message: Optimization terminated successfully.
Training error: 0.0066

Error: 0.0212 <=> Params: (25, 1e-05, 1)

-------------

Initial training error: 31.9204
Initial value of objective function: 31.9206
Number of neurons: 25
Value of sigma: 1
Value of rho: 1e-05
Solver: BFGS (Default)
Final value of objective function: 0.1987
Final value of gradient: 0.0000
Number of function evaluations: 242396
Number of gradient evaluations: 3148
Time for optimization: 219.9320 seconds
Termination message: Optimization terminated successfully.
Training error: 0.1752

Error: 0.2626 <=> Params: (25, 1e-05, 2)

-------------

Initial training error: 3.5225
Initial value of objective function: 3.5702
Number of neurons: 50
Value of sigma: 1
Value of rho: 0.001
Solver: BFGS (Default)
Final value of objective function: 0.2167
Final value of gradient: 0.0000
Number of function evaluations: 131024
Number of gradient evaluations: 862
Time for optimization: 223.3474 seconds
Termination message: Optimization terminated successfully.
Training error: 0.0351

Error: 0.2799 <=> Params: (50, 0.001, 0.25)

-------------

Initial training error: 17.0023
Initial value of objective function: 17.0508
Number of neurons: 50
Value of sigma: 1
Value of rho: 0.001
Solver: BFGS (Default)
Final value of objective function: 0.1543
Final value of gradient: 0.0000
Number of function evaluations: 57912
Number of gradient evaluations: 381
Time for optimization: 99.3895 seconds
Termination message: Optimization terminated successfully.
Training error: 0.0391

Error: 0.0851 <=> Params: (50, 0.001, 0.5)

-------------

Initial training error: 72.2179
Initial value of objective function: 72.2667
Number of neurons: 50
Value of sigma: 1
Value of rho: 0.001
Solver: BFGS (Default)
Final value of objective function: 0.2192
Final value of gradient: 0.0000
Number of function evaluations: 46968
Number of gradient evaluations: 309
Time for optimization: 86.3463 seconds
Termination message: Optimization terminated successfully.
Training error: 0.1475

Error: 0.1868 <=> Params: (50, 0.001, 1)

-------------

Initial training error: 189.6526
Initial value of objective function: 189.7102
Number of neurons: 50
Value of sigma: 1
Value of rho: 0.001
Solver: BFGS (Default)
Final value of objective function: 0.3434
Final value of gradient: 0.0000
Number of function evaluations: 56544
Number of gradient evaluations: 372
Time for optimization: 100.3024 seconds
Termination message: Optimization terminated successfully.
Training error: 0.2815

Error: 0.3220 <=> Params: (50, 0.001, 2)

-------------

Initial training error: 3.3927
Initial value of objective function: 3.3972
Number of neurons: 50
Value of sigma: 1
Value of rho: 0.0001
Solver: BFGS (Default)
Final value of objective function: 0.0324
Final value of gradient: 0.0000
Number of function evaluations: 257944
Number of gradient evaluations: 1697
Time for optimization: 441.6664 seconds
Termination message: Optimization terminated successfully.
Training error: 0.0089

Error: 0.1759 <=> Params: (50, 0.0001, 0.25)

-------------

Initial training error: 15.9255
Initial value of objective function: 15.9304
Number of neurons: 50
Value of sigma: 1
Value of rho: 0.0001
Solver: BFGS (Default)
Final value of objective function: 0.0354
Final value of gradient: 0.0000
Number of function evaluations: 67944
Number of gradient evaluations: 447
Time for optimization: 118.9416 seconds
Termination message: Optimization terminated successfully.
Training error: 0.0159

Error: 0.0441 <=> Params: (50, 0.0001, 0.5)

-------------

Initial training error: 91.7034
Initial value of objective function: 91.7085
Number of neurons: 50
Value of sigma: 1
Value of rho: 0.0001
Solver: BFGS (Default)
Final value of objective function: 0.0675
Final value of gradient: 0.0000
Number of function evaluations: 96976
Number of gradient evaluations: 638
Time for optimization: 176.9509 seconds
Termination message: Optimization terminated successfully.
Training error: 0.0297

Error: 0.0638 <=> Params: (50, 0.0001, 1)

-------------

Initial training error: 256.3873
Initial value of objective function: 256.3925
Number of neurons: 50
Value of sigma: 1
Value of rho: 0.0001
Solver: BFGS (Default)
Final value of objective function: 0.2469
Final value of gradient: 0.0000
Number of function evaluations: 143944
Number of gradient evaluations: 947
Time for optimization: 267.8365 seconds
Termination message: Optimization terminated successfully.
Training error: 0.2241

Error: 0.3008 <=> Params: (50, 0.0001, 2)

-------------

Initial training error: 3.8199
Initial value of objective function: 3.8204
Number of neurons: 50
Value of sigma: 1
Value of rho: 1e-05
Solver: BFGS (Default)
Final value of objective function: 0.0210
Final value of gradient: 0.0000
Number of function evaluations: 250648
Number of gradient evaluations: 1649
Time for optimization: 462.2668 seconds
Termination message: Optimization terminated successfully.
Training error: 0.0183

Error: 0.1464 <=> Params: (50, 1e-05, 0.25)

-------------

Initial training error: 12.2892
Initial value of objective function: 12.2897
Number of neurons: 50
Value of sigma: 1
Value of rho: 1e-05
Solver: BFGS (Default)
Final value of objective function: 0.0089
Final value of gradient: 0.0000
Number of function evaluations: 307496
Number of gradient evaluations: 2023
Time for optimization: 543.1120 seconds
Termination message: Optimization terminated successfully.
Training error: 0.0054

Error: 0.0226 <=> Params: (50, 1e-05, 0.5)

-------------

Initial training error: 80.0460
Initial value of objective function: 80.0465
Number of neurons: 50
Value of sigma: 1
Value of rho: 1e-05
Solver: BFGS (Default)
Final value of objective function: 0.0140
Final value of gradient: 0.0000
Number of function evaluations: 678376
Number of gradient evaluations: 4463
Time for optimization: 1258.2613 seconds
Termination message: Optimization terminated successfully.
Training error: 0.0045

Error: 0.0132 <=> Params: (50, 1e-05, 1)

-------------

Initial training error: 192.9731
Initial value of objective function: 192.9736
Number of neurons: 50
Value of sigma: 1
Value of rho: 1e-05
Solver: BFGS (Default)
Final value of objective function: 0.1744
Final value of gradient: 0.0000
Number of function evaluations: 918384
Number of gradient evaluations: 6042
Time for optimization: 1733.9695 seconds
Termination message: Optimization terminated successfully.
Training error: 0.1393

Error: 0.2459 <=> Params: (50, 1e-05, 2)

-------------

Best RBF params: (50, 1e-05, 1)

-------------
